c:\android\projects-nonandroid\database-odbc-gui-project\database-odbc-gui-project\x64\debug\vc143.pdb
c:\android\projects-nonandroid\database-odbc-gui-project\database-odbc-gui-project\x64\debug\vc143.idb
c:\android\projects-nonandroid\database-odbc-gui-project\database-odbc-gui-project\x64\debug\database-odbc-gui-projectdlg.obj
c:\android\projects-nonandroid\database-odbc-gui-project\database-odbc-gui-project\x64\debug\database-odbc-gui-project.obj
c:\android\projects-nonandroid\database-odbc-gui-project\database-odbc-gui-project\x64\debug\cschemacheckdlg.obj
c:\android\projects-nonandroid\database-odbc-gui-project\database-odbc-gui-project\x64\debug\cselectquerydlgtab1.obj
c:\android\projects-nonandroid\database-odbc-gui-project\database-odbc-gui-project\x64\debug\cselectquerydlg.obj
c:\android\projects-nonandroid\database-odbc-gui-project\database-odbc-gui-project\x64\debug\cselectquerydlgtab2.obj
c:\android\projects-nonandroid\database-odbc-gui-project\database-odbc-gui-project\x64\debug\cinsertquerydlg.obj
c:\android\projects-nonandroid\database-odbc-gui-project\database-odbc-gui-project\x64\debug\cinsertquerydlgtab1.obj
c:\android\projects-nonandroid\database-odbc-gui-project\database-odbc-gui-project\x64\debug\cinsertquerydlgtab2.obj
c:\android\projects-nonandroid\database-odbc-gui-project\database-odbc-gui-project\x64\debug\cdeletequerydlgtab1.obj
c:\android\projects-nonandroid\database-odbc-gui-project\database-odbc-gui-project\x64\debug\cdeletequerydlg.obj
c:\android\projects-nonandroid\database-odbc-gui-project\database-odbc-gui-project\x64\debug\cdeletequerydlgtab2.obj
c:\android\projects-nonandroid\database-odbc-gui-project\database-odbc-gui-project\x64\debug\cupdatequerydlg.obj
c:\android\projects-nonandroid\database-odbc-gui-project\database-odbc-gui-project\x64\debug\cupdatequerydlgtab2.obj
c:\android\projects-nonandroid\database-odbc-gui-project\database-odbc-gui-project\x64\debug\cupdatequerydlgtab1.obj
c:\android\projects-nonandroid\database-odbc-gui-project\database-odbc-gui-project\x64\debug\ccustomquerydlg.obj
c:\android\projects-nonandroid\database-odbc-gui-project\database-odbc-gui-project\x64\debug\database-odbc-gui-project.pch
c:\android\projects-nonandroid\database-odbc-gui-project\database-odbc-gui-project\x64\debug\pch.obj
c:\android\projects-nonandroid\database-odbc-gui-project\database-odbc-gui-project\x64\debug\cselectquerydlgtab3.obj
c:\android\projects-nonandroid\database-odbc-gui-project\database-odbc-gui-project\x64\debug\cselectquerydlgtab4.obj
c:\android\projects-nonandroid\database-odbc-gui-project\database-odbc-gui-project\x64\debug\cselectquerydlgtab5.obj
c:\android\projects-nonandroid\database-odbc-gui-project\database-odbc-gui-project\x64\debug\cinsertquerydlgtab3.obj
c:\android\projects-nonandroid\database-odbc-gui-project\database-odbc-gui-project\x64\debug\cinsertquerydlgtab4.obj
c:\android\projects-nonandroid\database-odbc-gui-project\database-odbc-gui-project\x64\debug\cdeletequerydlgtab3.obj
c:\android\projects-nonandroid\database-odbc-gui-project\database-odbc-gui-project\x64\debug\cdeletequerydlgtab4.obj
c:\android\projects-nonandroid\database-odbc-gui-project\x64\debug\database-odbc-gui-project.exe
c:\android\projects-nonandroid\database-odbc-gui-project\database-odbc-gui-project\x64\debug\database-odbc-gui-project.ilk
c:\android\projects-nonandroid\database-odbc-gui-project\x64\debug\database-odbc-gui-project.pdb
c:\android\projects-nonandroid\database-odbc-gui-project\database-odbc-gui-project\x64\debug\databaseodbcguiproject.res
c:\android\projects-nonandroid\database-odbc-gui-project\database-odbc-gui-project\x64\debug\database.49f9a8b1.tlog\cl.command.1.tlog
c:\android\projects-nonandroid\database-odbc-gui-project\database-odbc-gui-project\x64\debug\database.49f9a8b1.tlog\cl.read.1.tlog
c:\android\projects-nonandroid\database-odbc-gui-project\database-odbc-gui-project\x64\debug\database.49f9a8b1.tlog\cl.write.1.tlog
c:\android\projects-nonandroid\database-odbc-gui-project\database-odbc-gui-project\x64\debug\database.49f9a8b1.tlog\link.command.1.tlog
c:\android\projects-nonandroid\database-odbc-gui-project\database-odbc-gui-project\x64\debug\database.49f9a8b1.tlog\link.read.1.tlog
c:\android\projects-nonandroid\database-odbc-gui-project\database-odbc-gui-project\x64\debug\database.49f9a8b1.tlog\link.write.1.tlog
c:\android\projects-nonandroid\database-odbc-gui-project\database-odbc-gui-project\x64\debug\database.49f9a8b1.tlog\rc.command.1.tlog
c:\android\projects-nonandroid\database-odbc-gui-project\database-odbc-gui-project\x64\debug\database.49f9a8b1.tlog\rc.read.1.tlog
c:\android\projects-nonandroid\database-odbc-gui-project\database-odbc-gui-project\x64\debug\database.49f9a8b1.tlog\rc.write.1.tlog
