  CDeleteQueryDlgTab1.cpp
C:\Android\Projects-nonAndroid\database-odbc-gui-project\database-odbc-gui-project\odbc.h(65,40): warning C4042: 'query': has bad storage class
C:\Android\Projects-nonAndroid\database-odbc-gui-project\database-odbc-gui-project\odbc.h(96,41): warning C4042: 'query': has bad storage class
C:\Android\Projects-nonAndroid\database-odbc-gui-project\database-odbc-gui-project\odbc.h(147,47): warning C4042: 'query': has bad storage class
C:\Android\Projects-nonAndroid\database-odbc-gui-project\database-odbc-gui-project\odbc.h(190,51): warning C4042: 'query': has bad storage class
C:\Android\Projects-nonAndroid\database-odbc-gui-project\database-odbc-gui-project\CDeleteQueryDlgTab1.cpp(120,36): warning C4477: 'sprintf' : format string '%s' requires an argument of type 'char *', but variadic argument 1 has type 'CString'
C:\Android\Projects-nonAndroid\database-odbc-gui-project\database-odbc-gui-project\CDeleteQueryDlgTab1.cpp(123,36): warning C4477: 'sprintf' : format string '%s' requires an argument of type 'char *', but variadic argument 1 has type 'CString'
  CInsertQueryDlgTab1.cpp
C:\Android\Projects-nonAndroid\database-odbc-gui-project\database-odbc-gui-project\ODBC.h(65,40): warning C4042: 'query': has bad storage class
C:\Android\Projects-nonAndroid\database-odbc-gui-project\database-odbc-gui-project\ODBC.h(96,41): warning C4042: 'query': has bad storage class
C:\Android\Projects-nonAndroid\database-odbc-gui-project\database-odbc-gui-project\ODBC.h(147,47): warning C4042: 'query': has bad storage class
C:\Android\Projects-nonAndroid\database-odbc-gui-project\database-odbc-gui-project\ODBC.h(190,51): warning C4042: 'query': has bad storage class
C:\Android\Projects-nonAndroid\database-odbc-gui-project\database-odbc-gui-project\CInsertQueryDlgTab1.cpp(71,34): warning C4477: 'sprintf' : format string '%s' requires an argument of type 'char *', but variadic argument 1 has type 'CString'
C:\Android\Projects-nonAndroid\database-odbc-gui-project\database-odbc-gui-project\CInsertQueryDlgTab1.cpp(71,34): warning C4477: 'sprintf' : format string '%s' requires an argument of type 'char *', but variadic argument 2 has type 'CString'
C:\Android\Projects-nonAndroid\database-odbc-gui-project\database-odbc-gui-project\CInsertQueryDlgTab1.cpp(71,34): warning C4477: 'sprintf' : format string '%s' requires an argument of type 'char *', but variadic argument 3 has type 'CString'
C:\Android\Projects-nonAndroid\database-odbc-gui-project\database-odbc-gui-project\CInsertQueryDlgTab1.cpp(71,34): warning C4477: 'sprintf' : format string '%s' requires an argument of type 'char *', but variadic argument 4 has type 'CString'
C:\Android\Projects-nonAndroid\database-odbc-gui-project\database-odbc-gui-project\CInsertQueryDlgTab1.cpp(71,34): warning C4477: 'sprintf' : format string '%s' requires an argument of type 'char *', but variadic argument 5 has type 'CString'
C:\Android\Projects-nonAndroid\database-odbc-gui-project\database-odbc-gui-project\CInsertQueryDlgTab1.cpp(71,34): warning C4477: 'sprintf' : format string '%s' requires an argument of type 'char *', but variadic argument 6 has type 'CString'
C:\Android\Projects-nonAndroid\database-odbc-gui-project\database-odbc-gui-project\CInsertQueryDlgTab1.cpp(71,34): warning C4477: 'sprintf' : format string '%s' requires an argument of type 'char *', but variadic argument 7 has type 'CString'
  CInsertQueryDlgTab2.cpp
C:\Android\Projects-nonAndroid\database-odbc-gui-project\database-odbc-gui-project\ODBC.h(65,40): warning C4042: 'query': has bad storage class
C:\Android\Projects-nonAndroid\database-odbc-gui-project\database-odbc-gui-project\ODBC.h(96,41): warning C4042: 'query': has bad storage class
C:\Android\Projects-nonAndroid\database-odbc-gui-project\database-odbc-gui-project\ODBC.h(147,47): warning C4042: 'query': has bad storage class
C:\Android\Projects-nonAndroid\database-odbc-gui-project\database-odbc-gui-project\ODBC.h(190,51): warning C4042: 'query': has bad storage class
C:\Android\Projects-nonAndroid\database-odbc-gui-project\database-odbc-gui-project\CInsertQueryDlgTab2.cpp(73,34): warning C4477: 'sprintf' : format string '%s' requires an argument of type 'char *', but variadic argument 1 has type 'CString'
C:\Android\Projects-nonAndroid\database-odbc-gui-project\database-odbc-gui-project\CInsertQueryDlgTab2.cpp(73,34): warning C4477: 'sprintf' : format string '%s' requires an argument of type 'char *', but variadic argument 2 has type 'CString'
C:\Android\Projects-nonAndroid\database-odbc-gui-project\database-odbc-gui-project\CInsertQueryDlgTab2.cpp(73,34): warning C4477: 'sprintf' : format string '%s' requires an argument of type 'char *', but variadic argument 3 has type 'CString'
C:\Android\Projects-nonAndroid\database-odbc-gui-project\database-odbc-gui-project\CInsertQueryDlgTab2.cpp(73,34): warning C4477: 'sprintf' : format string '%s' requires an argument of type 'char *', but variadic argument 4 has type 'CString'
C:\Android\Projects-nonAndroid\database-odbc-gui-project\database-odbc-gui-project\CInsertQueryDlgTab2.cpp(73,34): warning C4477: 'sprintf' : format string '%s' requires an argument of type 'char *', but variadic argument 5 has type 'CString'
C:\Android\Projects-nonAndroid\database-odbc-gui-project\database-odbc-gui-project\CInsertQueryDlgTab2.cpp(73,34): warning C4477: 'sprintf' : format string '%s' requires an argument of type 'char *', but variadic argument 6 has type 'CString'
C:\Android\Projects-nonAndroid\database-odbc-gui-project\database-odbc-gui-project\CInsertQueryDlgTab2.cpp(73,34): warning C4477: 'sprintf' : format string '%s' requires an argument of type 'char *', but variadic argument 7 has type 'CString'
C:\Android\Projects-nonAndroid\database-odbc-gui-project\database-odbc-gui-project\CInsertQueryDlgTab2.cpp(73,34): warning C4477: 'sprintf' : format string '%s' requires an argument of type 'char *', but variadic argument 8 has type 'CString'
  CSchemaCheckDlg.cpp
C:\Android\Projects-nonAndroid\database-odbc-gui-project\database-odbc-gui-project\ODBC.h(65,40): warning C4042: 'query': has bad storage class
C:\Android\Projects-nonAndroid\database-odbc-gui-project\database-odbc-gui-project\ODBC.h(96,41): warning C4042: 'query': has bad storage class
C:\Android\Projects-nonAndroid\database-odbc-gui-project\database-odbc-gui-project\ODBC.h(147,47): warning C4042: 'query': has bad storage class
C:\Android\Projects-nonAndroid\database-odbc-gui-project\database-odbc-gui-project\ODBC.h(190,51): warning C4042: 'query': has bad storage class
  CSelectQueryDlgTab1.cpp
C:\Android\Projects-nonAndroid\database-odbc-gui-project\database-odbc-gui-project\odbc.h(65,40): warning C4042: 'query': has bad storage class
C:\Android\Projects-nonAndroid\database-odbc-gui-project\database-odbc-gui-project\odbc.h(96,41): warning C4042: 'query': has bad storage class
C:\Android\Projects-nonAndroid\database-odbc-gui-project\database-odbc-gui-project\odbc.h(147,47): warning C4042: 'query': has bad storage class
C:\Android\Projects-nonAndroid\database-odbc-gui-project\database-odbc-gui-project\odbc.h(190,51): warning C4042: 'query': has bad storage class
  CSelectQueryDlgTab2.cpp
C:\Android\Projects-nonAndroid\database-odbc-gui-project\database-odbc-gui-project\odbc.h(65,40): warning C4042: 'query': has bad storage class
C:\Android\Projects-nonAndroid\database-odbc-gui-project\database-odbc-gui-project\odbc.h(96,41): warning C4042: 'query': has bad storage class
C:\Android\Projects-nonAndroid\database-odbc-gui-project\database-odbc-gui-project\odbc.h(147,47): warning C4042: 'query': has bad storage class
C:\Android\Projects-nonAndroid\database-odbc-gui-project\database-odbc-gui-project\odbc.h(190,51): warning C4042: 'query': has bad storage class
  Generating Code...
C:\Android\Projects-nonAndroid\database-odbc-gui-project\database-odbc-gui-project\odbc.h(187): warning C4172: returning address of local variable or temporary: result
C:\Android\Projects-nonAndroid\database-odbc-gui-project\database-odbc-gui-project\odbc.h(187): warning C4172: returning address of local variable or temporary: result
C:\Android\Projects-nonAndroid\database-odbc-gui-project\database-odbc-gui-project\ODBC.h(93): warning C4172: returning address of local variable or temporary: result
C:\Android\Projects-nonAndroid\database-odbc-gui-project\database-odbc-gui-project\ODBC.h(144): warning C4172: returning address of local variable or temporary: result
C:\Android\Projects-nonAndroid\database-odbc-gui-project\database-odbc-gui-project\odbc.h(187): warning C4172: returning address of local variable or temporary: result
  database-odbc-gui-project.vcxproj -> C:\Android\Projects-nonAndroid\database-odbc-gui-project\x64\Debug\database-odbc-gui-project.exe
